{
  "stats": {
    "suites": 1,
    "tests": 10,
    "passes": 9,
    "pending": 0,
    "failures": 1,
    "start": "2021-02-25T17:58:33.571Z",
    "end": "2021-02-25T17:58:47.007Z",
    "duration": 13436,
    "testsRegistered": 10,
    "passPercent": 90,
    "pendingPercent": 0,
    "other": 0,
    "hasOther": false,
    "skipped": 0,
    "hasSkipped": false
  },
  "results": [
    {
      "uuid": "3c5062a3-6911-4cac-bb80-587bbf4b069b",
      "title": "",
      "fullFile": "cypress\\integration\\examples\\testTask.js",
      "file": "cypress\\integration\\examples\\testTask.js",
      "beforeHooks": [],
      "afterHooks": [],
      "tests": [],
      "suites": [
        {
          "uuid": "e5856139-3098-4f3d-8714-44f8bf42df34",
          "title": "Check all functionality Login form",
          "fullFile": "",
          "file": "",
          "beforeHooks": [],
          "afterHooks": [],
          "tests": [
            {
              "title": "Verify title",
              "fullTitle": "Check all functionality Login form Verify title",
              "timedOut": null,
              "duration": 1058,
              "state": "passed",
              "speed": "slow",
              "pass": true,
              "fail": false,
              "pending": false,
              "context": null,
              "code": "cy.title().should('eq', 'Login');",
              "err": {},
              "uuid": "6e14bdc1-7780-46e7-8727-414c8e342234",
              "parentUUID": "e5856139-3098-4f3d-8714-44f8bf42df34",
              "isHook": false,
              "skipped": false
            },
            {
              "title": "Check Logo image and main form for availability ",
              "fullTitle": "Check all functionality Login form Check Logo image and main form for availability ",
              "timedOut": null,
              "duration": 233,
              "state": "passed",
              "speed": "slow",
              "pass": true,
              "fail": false,
              "pending": false,
              "context": null,
              "code": "cy.get('#logomini').should('not.be.hidden');\ncy.get('.wrapper').should('not.be.hidden');",
              "err": {},
              "uuid": "c8aaaea6-5288-4136-85b8-1ce36b08ab23",
              "parentUUID": "e5856139-3098-4f3d-8714-44f8bf42df34",
              "isHook": false,
              "skipped": false
            },
            {
              "title": "Verify login page name",
              "fullTitle": "Check all functionality Login form Verify login page name",
              "timedOut": null,
              "duration": 125,
              "state": "passed",
              "speed": "slow",
              "pass": true,
              "fail": false,
              "pending": false,
              "context": null,
              "code": "cy.get('#all > div > center > h1').should('have.text', PAGE_NAME);",
              "err": {},
              "uuid": "eaf5a19d-824d-4276-889b-4cec0c8ee51b",
              "parentUUID": "e5856139-3098-4f3d-8714-44f8bf42df34",
              "isHook": false,
              "skipped": false
            },
            {
              "title": "Verify placeholders Username and Password",
              "fullTitle": "Check all functionality Login form Verify placeholders Username and Password",
              "timedOut": null,
              "duration": 145,
              "state": "passed",
              "speed": "slow",
              "pass": true,
              "fail": false,
              "pending": false,
              "context": null,
              "code": "cy.get('#all > div > form').within(function () {\n  cy.get(\"[type = 'text']\").should('have.attr', 'placeholder', 'Username');\n  cy.get(\"[type = 'password']\").should('have.attr', 'placeholder', 'Password');\n});",
              "err": {},
              "uuid": "fa22f151-dbd3-406a-ba3c-dda0d8734868",
              "parentUUID": "e5856139-3098-4f3d-8714-44f8bf42df34",
              "isHook": false,
              "skipped": false
            },
            {
              "title": "Click button Login when password and login are empty",
              "fullTitle": "Check all functionality Login form Click button Login when password and login are empty",
              "timedOut": null,
              "duration": 357,
              "state": "passed",
              "speed": "slow",
              "pass": true,
              "fail": false,
              "pending": false,
              "context": null,
              "code": "cy.get(\"[type = 'text']\").should('be.visible');\ncy.get(\"[type = 'password']\").should('be.visible');\ncy.get('.btn-success').should('be.visible');\ncy.get('.btn-success').click();\ncy.get('#all > div > form > div:nth-child(1) > span').should('have.text', ENTER_USERNAME);\ncy.get('#all > div > form > div:nth-child(2) > span').should('have.text', ENTER_PASSWORD);",
              "err": {},
              "uuid": "cde37897-7afc-4e4a-b0ca-4097ee80edad",
              "parentUUID": "e5856139-3098-4f3d-8714-44f8bf42df34",
              "isHook": false,
              "skipped": false
            },
            {
              "title": "Type valid data in the fields input username and password toLowerCase",
              "fullTitle": "Check all functionality Login form Type valid data in the fields input username and password toLowerCase",
              "timedOut": null,
              "duration": 1126,
              "state": "passed",
              "speed": "slow",
              "pass": true,
              "fail": false,
              "pending": false,
              "context": null,
              "code": "cy.get(\"[type = 'text']\").type(getValue('validName'));\ncy.get(\"[type = 'password']\").type(getValue('validPass'));\ncy.get('.btn-success').click();\ncy.get('#all > div > form > div.form-group.has-error > span').should('have.text', NO_ACC_WITH_USERNAME);",
              "err": {},
              "uuid": "c6c6900f-de3b-4eb6-94c2-bba382b2cbb7",
              "parentUUID": "e5856139-3098-4f3d-8714-44f8bf42df34",
              "isHook": false,
              "skipped": false
            },
            {
              "title": "Type invalid data in fields input username and password",
              "fullTitle": "Check all functionality Login form Type invalid data in fields input username and password",
              "timedOut": null,
              "duration": 1188,
              "state": "passed",
              "speed": "slow",
              "pass": true,
              "fail": false,
              "pending": false,
              "context": null,
              "code": "cy.get(\"[type = 'text']\").clear().type(getValue('invalidName'));\ncy.get(\"[type = 'password']\").clear().type(getValue('invalidPass'));\ncy.get('.btn-success').click();\ncy.get('#all > div > form > div.form-group.has-error > span').should('have.text', NO_ACC_WITH_USERNAME);",
              "err": {},
              "uuid": "202f3b76-52be-4b41-80dd-b8adb3933c1c",
              "parentUUID": "e5856139-3098-4f3d-8714-44f8bf42df34",
              "isHook": false,
              "skipped": false
            },
            {
              "title": "Type data in the field input username without password ",
              "fullTitle": "Check all functionality Login form Type data in the field input username without password ",
              "timedOut": null,
              "duration": 684,
              "state": "passed",
              "speed": "slow",
              "pass": true,
              "fail": false,
              "pending": false,
              "context": null,
              "code": "cy.get(\"[type = 'text']\").type(getValue('validName'));\ncy.get('.btn-success').click();\ncy.get('#all > div > form > div:nth-child(2) > span').should('have.text', ENTER_PASSWORD);",
              "err": {},
              "uuid": "a7a24c6c-f978-4e8f-9e06-394efa143fa2",
              "parentUUID": "e5856139-3098-4f3d-8714-44f8bf42df34",
              "isHook": false,
              "skipped": false
            },
            {
              "title": "Type data in the field input password without username ",
              "fullTitle": "Check all functionality Login form Type data in the field input password without username ",
              "timedOut": null,
              "duration": 684,
              "state": "passed",
              "speed": "slow",
              "pass": true,
              "fail": false,
              "pending": false,
              "context": null,
              "code": "cy.get(\"[type = 'password']\").type(getValue('validPass'));\ncy.get('.btn-success').click();\ncy.get('#all > div > form > div:nth-child(1) > span').should('have.text', ENTER_USERNAME);",
              "err": {},
              "uuid": "a5004135-c9a4-4d3f-abff-cdd5d4fc5cd5",
              "parentUUID": "e5856139-3098-4f3d-8714-44f8bf42df34",
              "isHook": false,
              "skipped": false
            },
            {
              "title": "Successful Login",
              "fullTitle": "Check all functionality Login form Successful Login",
              "timedOut": null,
              "duration": 5238,
              "state": "failed",
              "speed": null,
              "pass": false,
              "fail": true,
              "pending": false,
              "context": null,
              "code": "cy.get(\"[type = 'password']\").type(getValue('validPass'));\ncy.get('.btn-success').click();\ncy.title().should('eq', 'Home Page');",
              "err": {
                "message": "AssertionError: Timed out retrying after 4000ms: expected 'Login' to equal 'Home Page'",
                "estack": "AssertionError: Timed out retrying after 4000ms: expected 'Login' to equal 'Home Page'\n    at Context.eval (https://web.pecodesoftware.com/__cypress/tests?p=cypress\\integration\\examples\\testTask.js:162:16)",
                "diff": "- 'Login'\n+ 'Home Page'\n"
              },
              "uuid": "5e013e17-a3b5-4890-8854-08bb1057f1b0",
              "parentUUID": "e5856139-3098-4f3d-8714-44f8bf42df34",
              "isHook": false,
              "skipped": false
            }
          ],
          "suites": [],
          "passes": [
            "6e14bdc1-7780-46e7-8727-414c8e342234",
            "c8aaaea6-5288-4136-85b8-1ce36b08ab23",
            "eaf5a19d-824d-4276-889b-4cec0c8ee51b",
            "fa22f151-dbd3-406a-ba3c-dda0d8734868",
            "cde37897-7afc-4e4a-b0ca-4097ee80edad",
            "c6c6900f-de3b-4eb6-94c2-bba382b2cbb7",
            "202f3b76-52be-4b41-80dd-b8adb3933c1c",
            "a7a24c6c-f978-4e8f-9e06-394efa143fa2",
            "a5004135-c9a4-4d3f-abff-cdd5d4fc5cd5"
          ],
          "failures": [
            "5e013e17-a3b5-4890-8854-08bb1057f1b0"
          ],
          "pending": [],
          "skipped": [],
          "duration": 10838,
          "root": false,
          "rootEmpty": false,
          "_timeout": 2000
        }
      ],
      "passes": [],
      "failures": [],
      "pending": [],
      "skipped": [],
      "duration": 0,
      "root": true,
      "rootEmpty": true,
      "_timeout": 2000
    }
  ],
  "meta": {
    "mocha": {
      "version": "7.0.1"
    },
    "mochawesome": {
      "options": {
        "quiet": false,
        "reportFilename": "mochawesome",
        "saveHtml": true,
        "saveJson": true,
        "consoleReporter": "spec",
        "useInlineDiffs": false,
        "code": true
      },
      "version": "6.2.2"
    },
    "marge": {
      "options": null,
      "version": "5.2.0"
    }
  }
}